# JRE version: OpenJDK Runtime Environment Temurin-21.0.10+7 (21.0.10+7) (build 21.0.10+7-LTS)
# Java VM: OpenJDK 64-Bit Server VM Temurin-21.0.10+7 (21.0.10+7-LTS, mixed mode, sharing, tiered, compressed oops, compressed class ptrs, parallel gc, windows-amd64)
GC Precious Log:
 CardTable entry size: 512
 CPUs: 12 total, 12 available
 Memory: 16076M
 Large Page Support: Disabled
 NUMA Support: Disabled
 Compressed Oops: Enabled (32-bit)
 Alignments: Space 512K, Generation 512K, Heap 2M
 Heap Min Capacity: 100M
 Heap Initial Capacity: 100M
 Heap Max Capacity: 2G
 Pre-touch: Disabled
 Parallel Workers: 10
Heap:
 PSYoungGen      total 5632K, used 4492K [0x00000000d5580000, 0x00000000d5c00000, 0x0000000100000000)
  eden space 5120K, 78% used [0x00000000d5580000,0x00000000d596b2d8,0x00000000d5a80000)
  from space 512K, 93% used [0x00000000d5b80000,0x00000000d5bf8000,0x00000000d5c00000)
  to   space 512K, 0% used [0x00000000d5b00000,0x00000000d5b00000,0x00000000d5b80000)
 ParOldGen       total 334848K, used 334659K [0x0000000080000000, 0x0000000094700000, 0x00000000d5580000)
  object space 334848K, 99% used [0x0000000080000000,0x00000000946d0e28,0x0000000094700000)
 Metaspace       used 78653K, committed 80320K, reserved 1179648K
  class space    used 7942K, committed 8704K, reserved 1048576K
GC Heap History (20 events):
Event: 4644.811 GC heap before
{Heap before GC invocations=641 (full 4):
 PSYoungGen      total 5632K, used 4754K [0x00000000d5580000, 0x00000000d5c00000, 0x0000000100000000)
  eden space 5120K, 85% used [0x00000000d5580000,0x00000000d59c9498,0x00000000d5a80000)
  from space 512K, 71% used [0x00000000d5b80000,0x00000000d5bdb458,0x00000000d5c00000)
  to   space 512K, 0% used [0x00000000d5b00000,0x00000000d5b00000,0x00000000d5b80000)
 ParOldGen       total 332800K, used 332569K [0x0000000080000000, 0x0000000094500000, 0x00000000d5580000)
  object space 332800K, 99% used [0x0000000080000000,0x00000000944c6528,0x0000000094500000)
 Metaspace       used 78646K, committed 80320K, reserved 1179648K
  class space    used 7942K, committed 8704K, reserved 1048576K
}
Event: 4644.812 GC heap after
{Heap after GC invocations=641 (full 4):
 PSYoungGen      total 5632K, used 288K [0x00000000d5580000, 0x00000000d5c00000, 0x0000000100000000)
  eden space 5120K, 0% used [0x00000000d5580000,0x00000000d5580000,0x00000000d5a80000)
  from space 512K, 56% used [0x00000000d5b00000,0x00000000d5b48000,0x00000000d5b80000)
  to   space 512K, 0% used [0x00000000d5b80000,0x00000000d5b80000,0x00000000d5c00000)
 ParOldGen       total 332800K, used 332681K [0x0000000080000000, 0x0000000094500000, 0x00000000d5580000)
  object space 332800K, 99% used [0x0000000080000000,0x00000000944e2528,0x0000000094500000)
 Metaspace       used 78646K, committed 80320K, reserved 1179648K
  class space    used 7942K, committed 8704K, reserved 1048576K
}
Event: 4644.818 GC heap before
{Heap before GC invocations=642 (full 4):
 PSYoungGen      total 5632K, used 5408K [0x00000000d5580000, 0x00000000d5c00000, 0x0000000100000000)
  eden space 5120K, 100% used [0x00000000d5580000,0x00000000d5a80000,0x00000000d5a80000)
  from space 512K, 56% used [0x00000000d5b00000,0x00000000d5b48000,0x00000000d5b80000)
  to   space 512K, 0% used [0x00000000d5b80000,0x00000000d5b80000,0x00000000d5c00000)
 ParOldGen       total 332800K, used 332681K [0x0000000080000000, 0x0000000094500000, 0x00000000d5580000)
  object space 332800K, 99% used [0x0000000080000000,0x00000000944e2528,0x0000000094500000)
 Metaspace       used 78646K, committed 80320K, reserved 1179648K
  class space    used 7942K, committed 8704K, reserved 1048576K
}
Event: 4644.819 GC heap after
{Heap after GC invocations=642 (full 4):
 PSYoungGen      total 5632K, used 256K [0x00000000d5580000, 0x00000000d5c00000, 0x0000000100000000)
  eden space 5120K, 0% used [0x00000000d5580000,0x00000000d5580000,0x00000000d5a80000)
  from space 512K, 50% used [0x00000000d5b80000,0x00000000d5bc0000,0x00000000d5c00000)
  to   space 512K, 0% used [0x00000000d5b00000,0x00000000d5b00000,0x00000000d5b80000)
 ParOldGen       total 332800K, used 332729K [0x0000000080000000, 0x0000000094500000, 0x00000000d5580000)
  object space 332800K, 99% used [0x0000000080000000,0x00000000944ee528,0x0000000094500000)
 Metaspace       used 78646K, committed 80320K, reserved 1179648K
  class space    used 7942K, committed 8704K, reserved 1048576K
}
Event: 4644.829 GC heap before
{Heap before GC invocations=643 (full 4):
 PSYoungGen      total 5632K, used 5376K [0x00000000d5580000, 0x00000000d5c00000, 0x0000000100000000)
  eden space 5120K, 100% used [0x00000000d5580000,0x00000000d5a80000,0x00000000d5a80000)
  from space 512K, 50% used [0x00000000d5b80000,0x00000000d5bc0000,0x00000000d5c00000)
  to   space 512K, 0% used [0x00000000d5b00000,0x00000000d5b00000,0x00000000d5b80000)
 ParOldGen       total 332800K, used 332729K [0x0000000080000000, 0x0000000094500000, 0x00000000d5580000)
  object space 332800K, 99% used [0x0000000080000000,0x00000000944ee528,0x0000000094500000)
 Metaspace       used 78648K, committed 80320K, reserved 1179648K
  class space    used 7942K, committed 8704K, reserved 1048576K
}
Event: 4644.831 GC heap after
{Heap after GC invocations=643 (full 4):
 PSYoungGen      total 5632K, used 512K [0x00000000d5580000, 0x00000000d5c80000, 0x0000000100000000)
  eden space 5120K, 0% used [0x00000000d5580000,0x00000000d5580000,0x00000000d5a80000)
  from space 512K, 100% used [0x00000000d5b00000,0x00000000d5b80000,0x00000000d5b80000)
  to   space 1024K, 0% used [0x00000000d5b80000,0x00000000d5b80000,0x00000000d5c80000)
 ParOldGen       total 333312K, used 333005K [0x0000000080000000, 0x0000000094580000, 0x00000000d5580000)
  object space 333312K, 99% used [0x0000000080000000,0x0000000094533728,0x0000000094580000)
 Metaspace       used 78648K, committed 80320K, reserved 1179648K
  class space    used 7942K, committed 8704K, reserved 1048576K
}
Event: 4644.886 GC heap before
{Heap before GC invocations=644 (full 4):
 PSYoungGen      total 5632K, used 5632K [0x00000000d5580000, 0x00000000d5c80000, 0x0000000100000000)
  eden space 5120K, 100% used [0x00000000d5580000,0x00000000d5a80000,0x00000000d5a80000)
  from space 512K, 100% used [0x00000000d5b00000,0x00000000d5b80000,0x00000000d5b80000)
  to   space 1024K, 0% used [0x00000000d5b80000,0x00000000d5b80000,0x00000000d5c80000)
 ParOldGen       total 333312K, used 333005K [0x0000000080000000, 0x0000000094580000, 0x00000000d5580000)
  object space 333312K, 99% used [0x0000000080000000,0x0000000094533728,0x0000000094580000)
 Metaspace       used 78649K, committed 80320K, reserved 1179648K
  class space    used 7942K, committed 8704K, reserved 1048576K
}
Event: 4644.888 GC heap after
{Heap after GC invocations=644 (full 4):
 PSYoungGen      total 6144K, used 669K [0x00000000d5580000, 0x00000000d5c80000, 0x0000000100000000)
  eden space 5120K, 0% used [0x00000000d5580000,0x00000000d5580000,0x00000000d5a80000)
  from space 1024K, 65% used [0x00000000d5b80000,0x00000000d5c27798,0x00000000d5c80000)
  to   space 1024K, 0% used [0x00000000d5a80000,0x00000000d5a80000,0x00000000d5b80000)
 ParOldGen       total 333824K, used 333533K [0x0000000080000000, 0x0000000094600000, 0x00000000d5580000)
  object space 333824K, 99% used [0x0000000080000000,0x00000000945b7728,0x0000000094600000)
 Metaspace       used 78649K, committed 80320K, reserved 1179648K
  class space    used 7942K, committed 8704K, reserved 1048576K
}
Event: 4644.895 GC heap before
{Heap before GC invocations=645 (full 4):
 PSYoungGen      total 6144K, used 5789K [0x00000000d5580000, 0x00000000d5c80000, 0x0000000100000000)
  eden space 5120K, 100% used [0x00000000d5580000,0x00000000d5a80000,0x00000000d5a80000)
  from space 1024K, 65% used [0x00000000d5b80000,0x00000000d5c27798,0x00000000d5c80000)
  to   space 1024K, 0% used [0x00000000d5a80000,0x00000000d5a80000,0x00000000d5b80000)
 ParOldGen       total 333824K, used 333533K [0x0000000080000000, 0x0000000094600000, 0x00000000d5580000)
  object space 333824K, 99% used [0x0000000080000000,0x00000000945b7728,0x0000000094600000)
 Metaspace       used 78652K, committed 80320K, reserved 1179648K
  class space    used 7942K, committed 8704K, reserved 1048576K
}
Event: 4644.896 GC heap after
{Heap after GC invocations=645 (full 4):
 PSYoungGen      total 6144K, used 416K [0x00000000d5580000, 0x00000000d5c80000, 0x0000000100000000)
  eden space 5120K, 0% used [0x00000000d5580000,0x00000000d5580000,0x00000000d5a80000)
  from space 1024K, 40% used [0x00000000d5a80000,0x00000000d5ae8000,0x00000000d5b80000)
  to   space 1024K, 0% used [0x00000000d5b80000,0x00000000d5b80000,0x00000000d5c80000)
 ParOldGen       total 334336K, used 333954K [0x0000000080000000, 0x0000000094680000, 0x00000000d5580000)
  object space 334336K, 99% used [0x0000000080000000,0x0000000094620928,0x0000000094680000)
 Metaspace       used 78652K, committed 80320K, reserved 1179648K
  class space    used 7942K, committed 8704K, reserved 1048576K
}
Event: 4644.906 GC heap before
{Heap before GC invocations=646 (full 4):
 PSYoungGen      total 6144K, used 5536K [0x00000000d5580000, 0x00000000d5c80000, 0x0000000100000000)
  eden space 5120K, 100% used [0x00000000d5580000,0x00000000d5a80000,0x00000000d5a80000)
  from space 1024K, 40% used [0x00000000d5a80000,0x00000000d5ae8000,0x00000000d5b80000)
  to   space 1024K, 0% used [0x00000000d5b80000,0x00000000d5b80000,0x00000000d5c80000)
 ParOldGen       total 334336K, used 333954K [0x0000000080000000, 0x0000000094680000, 0x00000000d5580000)
  object space 334336K, 99% used [0x0000000080000000,0x0000000094620928,0x0000000094680000)
 Metaspace       used 78652K, committed 80320K, reserved 1179648K
  class space    used 7942K, committed 8704K, reserved 1048576K
}
Event: 4644.907 GC heap after
{Heap after GC invocations=646 (full 4):
 PSYoungGen      total 6144K, used 823K [0x00000000d5580000, 0x00000000d5c80000, 0x0000000100000000)
  eden space 5120K, 0% used [0x00000000d5580000,0x00000000d5580000,0x00000000d5a80000)
  from space 1024K, 80% used [0x00000000d5b80000,0x00000000d5c4de50,0x00000000d5c80000)
  to   space 1024K, 0% used [0x00000000d5a80000,0x00000000d5a80000,0x00000000d5b80000)
 ParOldGen       total 334336K, used 334218K [0x0000000080000000, 0x0000000094680000, 0x00000000d5580000)
  object space 334336K, 99% used [0x0000000080000000,0x0000000094662928,0x0000000094680000)
 Metaspace       used 78652K, committed 80320K, reserved 1179648K
  class space    used 7942K, committed 8704K, reserved 1048576K
}
Event: 4644.913 GC heap before
{Heap before GC invocations=647 (full 4):
 PSYoungGen      total 6144K, used 5943K [0x00000000d5580000, 0x00000000d5c80000, 0x0000000100000000)
  eden space 5120K, 100% used [0x00000000d5580000,0x00000000d5a80000,0x00000000d5a80000)
  from space 1024K, 80% used [0x00000000d5b80000,0x00000000d5c4de50,0x00000000d5c80000)
  to   space 1024K, 0% used [0x00000000d5a80000,0x00000000d5a80000,0x00000000d5b80000)
 ParOldGen       total 334336K, used 334218K [0x0000000080000000, 0x0000000094680000, 0x00000000d5580000)
  object space 334336K, 99% used [0x0000000080000000,0x0000000094662928,0x0000000094680000)
 Metaspace       used 78652K, committed 80320K, reserved 1179648K
  class space    used 7942K, committed 8704K, reserved 1048576K
}
Event: 4644.915 GC heap after
{Heap after GC invocations=647 (full 4):
 PSYoungGen      total 6144K, used 474K [0x00000000d5580000, 0x00000000d5c80000, 0x0000000100000000)
  eden space 5120K, 0% used [0x00000000d5580000,0x00000000d5580000,0x00000000d5a80000)
  from space 1024K, 46% used [0x00000000d5a80000,0x00000000d5af6900,0x00000000d5b80000)
  to   space 1024K, 0% used [0x00000000d5b80000,0x00000000d5b80000,0x00000000d5c80000)
 ParOldGen       total 334848K, used 334547K [0x0000000080000000, 0x0000000094700000, 0x00000000d5580000)
  object space 334848K, 99% used [0x0000000080000000,0x00000000946b4e28,0x0000000094700000)
 Metaspace       used 78652K, committed 80320K, reserved 1179648K
  class space    used 7942K, committed 8704K, reserved 1048576K
}
Event: 4644.921 GC heap before
{Heap before GC invocations=648 (full 4):
 PSYoungGen      total 6144K, used 5594K [0x00000000d5580000, 0x00000000d5c80000, 0x0000000100000000)
  eden space 5120K, 100% used [0x00000000d5580000,0x00000000d5a80000,0x00000000d5a80000)
  from space 1024K, 46% used [0x00000000d5a80000,0x00000000d5af6900,0x00000000d5b80000)
  to   space 1024K, 0% used [0x00000000d5b80000,0x00000000d5b80000,0x00000000d5c80000)
 ParOldGen       total 334848K, used 334547K [0x0000000080000000, 0x0000000094700000, 0x00000000d5580000)
  object space 334848K, 99% used [0x0000000080000000,0x00000000946b4e28,0x0000000094700000)
 Metaspace       used 78653K, committed 80320K, reserved 1179648K
  class space    used 7942K, committed 8704K, reserved 1048576K
}
Event: 4644.922 GC heap after
{Heap after GC invocations=648 (full 4):
 PSYoungGen      total 6144K, used 612K [0x00000000d5580000, 0x00000000d5c80000, 0x0000000100000000)
  eden space 5120K, 0% used [0x00000000d5580000,0x00000000d5580000,0x00000000d5a80000)
  from space 1024K, 59% used [0x00000000d5b80000,0x00000000d5c19210,0x00000000d5c80000)
  to   space 1024K, 0% used [0x00000000d5a80000,0x00000000d5a80000,0x00000000d5b80000)
 ParOldGen       total 334848K, used 334555K [0x0000000080000000, 0x0000000094700000, 0x00000000d5580000)
  object space 334848K, 99% used [0x0000000080000000,0x00000000946b6e28,0x0000000094700000)
 Metaspace       used 78653K, committed 80320K, reserved 1179648K
  class space    used 7942K, committed 8704K, reserved 1048576K
}
Event: 4644.927 GC heap before
{Heap before GC invocations=649 (full 4):
 PSYoungGen      total 6144K, used 5732K [0x00000000d5580000, 0x00000000d5c80000, 0x0000000100000000)
  eden space 5120K, 100% used [0x00000000d5580000,0x00000000d5a80000,0x00000000d5a80000)
  from space 1024K, 59% used [0x00000000d5b80000,0x00000000d5c19210,0x00000000d5c80000)
  to   space 1024K, 0% used [0x00000000d5a80000,0x00000000d5a80000,0x00000000d5b80000)
 ParOldGen       total 334848K, used 334555K [0x0000000080000000, 0x0000000094700000, 0x00000000d5580000)
  object space 334848K, 99% used [0x0000000080000000,0x00000000946b6e28,0x0000000094700000)
 Metaspace       used 78653K, committed 80320K, reserved 1179648K
  class space    used 7942K, committed 8704K, reserved 1048576K
}
Event: 4644.928 GC heap after
{Heap after GC invocations=649 (full 4):
 PSYoungGen      total 6144K, used 368K [0x00000000d5580000, 0x00000000d5c00000, 0x0000000100000000)
  eden space 5120K, 0% used [0x00000000d5580000,0x00000000d5580000,0x00000000d5a80000)
  from space 1024K, 35% used [0x00000000d5a80000,0x00000000d5adc010,0x00000000d5b80000)
  to   space 512K, 0% used [0x00000000d5b80000,0x00000000d5b80000,0x00000000d5c00000)
 ParOldGen       total 334848K, used 334603K [0x0000000080000000, 0x0000000094700000, 0x00000000d5580000)
  object space 334848K, 99% used [0x0000000080000000,0x00000000946c2e28,0x0000000094700000)
 Metaspace       used 78653K, committed 80320K, reserved 1179648K
  class space    used 7942K, committed 8704K, reserved 1048576K
}
Event: 4644.932 GC heap before
{Heap before GC invocations=650 (full 4):
 PSYoungGen      total 6144K, used 5488K [0x00000000d5580000, 0x00000000d5c00000, 0x0000000100000000)
  eden space 5120K, 100% used [0x00000000d5580000,0x00000000d5a80000,0x00000000d5a80000)
  from space 1024K, 35% used [0x00000000d5a80000,0x00000000d5adc010,0x00000000d5b80000)
  to   space 512K, 0% used [0x00000000d5b80000,0x00000000d5b80000,0x00000000d5c00000)
 ParOldGen       total 334848K, used 334603K [0x0000000080000000, 0x0000000094700000, 0x00000000d5580000)
  object space 334848K, 99% used [0x0000000080000000,0x00000000946c2e28,0x0000000094700000)
 Metaspace       used 78653K, committed 80320K, reserved 1179648K
  class space    used 7942K, committed 8704K, reserved 1048576K
}
Event: 4644.933 GC heap after
{Heap after GC invocations=650 (full 4):
 PSYoungGen      total 5632K, used 480K [0x00000000d5580000, 0x00000000d5c00000, 0x0000000100000000)
  eden space 5120K, 0% used [0x00000000d5580000,0x00000000d5580000,0x00000000d5a80000)
  from space 512K, 93% used [0x00000000d5b80000,0x00000000d5bf8000,0x00000000d5c00000)
  to   space 512K, 0% used [0x00000000d5b00000,0x00000000d5b00000,0x00000000d5b80000)
 ParOldGen       total 334848K, used 334659K [0x0000000080000000, 0x0000000094700000, 0x00000000d5580000)
  object space 334848K, 99% used [0x0000000080000000,0x00000000946d0e28,0x0000000094700000)
 Metaspace       used 78653K, committed 80320K, reserved 1179648K
  class space    used 7942K, committed 8704K, reserved 1048576K
}

